<?xml version="1.0" encoding="UTF-8"?>
<!-- Generated by org.testng.reporters.JUnitXMLReporter -->
<testsuite hostname="WKWIN1066863" ignored="0" name="shoppingTest" tests="5" failures="0" timestamp="24 Oct 2018 08:15:41 GMT" time="19.047" errors="0">
  <testcase name="verifySortDropDownItems" time="19.017" classname="com.shopping.framework.testcases.women.tops.ShoppingTest"/>
  <testcase name="add" time="0.0" classname="com.shopping.framework.testcases.women.tops.HomePageTest"/>
  <testcase name="divide" time="0.0" classname="com.shopping.framework.testcases.women.tops.HomePageTest"/>
  <testcase name="mult" time="0.0" classname="com.shopping.framework.testcases.women.tops.HomePageTest"/>
  <testcase name="sub" time="0.001" classname="com.shopping.framework.testcases.women.tops.HomePageTest"/>
</testsuite> <!-- shoppingTest -->
