<?xml version="1.0" encoding="UTF-8"?>
<testsuite xmlns:xsi="http://www.w3.org/2001/XMLSchema-instance" xsi:noNamespaceSchemaLocation="https://maven.apache.org/surefire/maven-surefire-plugin/xsd/surefire-test-report.xsd" name="TestSuite" time="20.611" tests="5" errors="0" skipped="0" failures="0">
  <properties>
[...]
</properties>
  <testcase name="verifySortDropDownItems" classname="com.shopping.framework.testcases.women.tops.ShoppingTest" time="19.01"/>
  <testcase name="add" classname="com.shopping.framework.testcases.women.tops.HomePageTest" time="0"/>
  <testcase name="divide" classname="com.shopping.framework.testcases.women.tops.HomePageTest" time="0"/>
  <testcase name="mult" classname="com.shopping.framework.testcases.women.tops.HomePageTest" time="0"/>
  <testcase name="sub" classname="com.shopping.framework.testcases.women.tops.HomePageTest" time="0"/>
</testsuite>